Starting audit...
[ERROR] C:\Users\gunde\Desktop\6026_ADS1\practice\m22\22.1 Ransom Note\Solution.java:38:8: Unused @param tag for 'm'. [JavadocMethod]
[ERROR] C:\Users\gunde\Desktop\6026_ADS1\practice\m22\22.1 Ransom Note\Solution.java:41:22: Expected @param tag for 'm1'. [JavadocMethod]
[ERROR] C:\Users\gunde\Desktop\6026_ADS1\practice\m22\22.1 Ransom Note\Solution.java:105: 'if' construct must use '{}'s. [NeedBraces]
[ERROR] C:\Users\gunde\Desktop\6026_ADS1\practice\m22\22.1 Ransom Note\Solution.java:151:9: Redundant 'public' modifier. [RedundantModifier]
[ERROR] C:\Users\gunde\Desktop\6026_ADS1\practice\m22\22.1 Ransom Note\Solution.java:151:21: Parameter key should be final. [FinalParameters]
[ERROR] C:\Users\gunde\Desktop\6026_ADS1\practice\m22\22.1 Ransom Note\Solution.java:151:25: 'key' hides a field. [HiddenField]
[ERROR] C:\Users\gunde\Desktop\6026_ADS1\practice\m22\22.1 Ransom Note\Solution.java:151:30: Parameter val should be final. [FinalParameters]
[ERROR] C:\Users\gunde\Desktop\6026_ADS1\practice\m22\22.1 Ransom Note\Solution.java:151:36: 'val' hides a field. [HiddenField]
[ERROR] C:\Users\gunde\Desktop\6026_ADS1\practice\m22\22.1 Ransom Note\Solution.java:151:41: Parameter next should be final. [FinalParameters]
[ERROR] C:\Users\gunde\Desktop\6026_ADS1\practice\m22\22.1 Ransom Note\Solution.java:151:46: 'next' hides a field. [HiddenField]
[ERROR] C:\Users\gunde\Desktop\6026_ADS1\practice\m22\22.1 Ransom Note\Solution.java:162:5: Redundant 'public' modifier. [RedundantModifier]
[ERROR] C:\Users\gunde\Desktop\6026_ADS1\practice\m22\22.1 Ransom Note\Solution.java:205:35: ',' is not followed by whitespace. [WhitespaceAfter]
[ERROR] C:\Users\gunde\Desktop\6026_ADS1\practice\m22\22.1 Ransom Note\Solution.java:228: 'if' construct must use '{}'s. [NeedBraces]
[ERROR] C:\Users\gunde\Desktop\6026_ADS1\practice\m22\22.1 Ransom Note\Solution.java:243:1: Utility classes should not have a public or default constructor. [HideUtilityClassConstructor]
[ERROR] C:\Users\gunde\Desktop\6026_ADS1\practice\m22\22.1 Ransom Note\Solution.java:247:15: '{' is not preceded with whitespace. [WhitespaceAround]
Audit done.
Checkstyle ends with 15 errors.
