Starting audit...
[ERROR] C:\Users\gunde\Desktop\6026_ADS1\practice\m12\Assignment-1\Student.java:0: File does not end with a newline. [NewlineAtEndOfFile]
[ERROR] C:\Users\gunde\Desktop\6026_ADS1\practice\m12\Assignment-1\Student.java:1: Using the '.*' form of import should be avoided - java.util.*. [AvoidStarImport]
[ERROR] C:\Users\gunde\Desktop\6026_ADS1\practice\m12\Assignment-1\Student.java:2: Missing a Javadoc comment. [JavadocType]
[ERROR] C:\Users\gunde\Desktop\6026_ADS1\practice\m12\Assignment-1\Student.java:2:14: '{' is not preceded with whitespace. [WhitespaceAround]
[ERROR] C:\Users\gunde\Desktop\6026_ADS1\practice\m12\Assignment-1\Student.java:3: Line is longer than 80 characters (found 120). [LineLength]
[ERROR] C:\Users\gunde\Desktop\6026_ADS1\practice\m12\Assignment-1\Student.java:3:1: File contains tab characters (this is the first instance). [FileTabCharacter]
[ERROR] C:\Users\gunde\Desktop\6026_ADS1\practice\m12\Assignment-1\Student.java:4:9: Missing a Javadoc comment. [JavadocVariable]
[ERROR] C:\Users\gunde\Desktop\6026_ADS1\practice\m12\Assignment-1\Student.java:5:9: Missing a Javadoc comment. [JavadocVariable]
[ERROR] C:\Users\gunde\Desktop\6026_ADS1\practice\m12\Assignment-1\Student.java:6:9: Missing a Javadoc comment. [JavadocVariable]
[ERROR] C:\Users\gunde\Desktop\6026_ADS1\practice\m12\Assignment-1\Student.java:7:9: Missing a Javadoc comment. [JavadocVariable]
[ERROR] C:\Users\gunde\Desktop\6026_ADS1\practice\m12\Assignment-1\Student.java:8:9: Missing a Javadoc comment. [JavadocVariable]
[ERROR] C:\Users\gunde\Desktop\6026_ADS1\practice\m12\Assignment-1\Student.java:9:9: Missing a Javadoc comment. [JavadocVariable]
[ERROR] C:\Users\gunde\Desktop\6026_ADS1\practice\m12\Assignment-1\Student.java:10:9: Missing a Javadoc comment. [JavadocVariable]
[ERROR] C:\Users\gunde\Desktop\6026_ADS1\practice\m12\Assignment-1\Student.java:12: Line is longer than 80 characters (found 123). [LineLength]
[ERROR] C:\Users\gunde\Desktop\6026_ADS1\practice\m12\Assignment-1\Student.java:12:9: Missing a Javadoc comment. [JavadocMethod]
[ERROR] C:\Users\gunde\Desktop\6026_ADS1\practice\m12\Assignment-1\Student.java:12:9: Redundant 'public' modifier. [RedundantModifier]
[ERROR] C:\Users\gunde\Desktop\6026_ADS1\practice\m12\Assignment-1\Student.java:12:24: Parameter studentName1 should be final. [FinalParameters]
[ERROR] C:\Users\gunde\Desktop\6026_ADS1\practice\m12\Assignment-1\Student.java:12:45: Parameter dateOfBirth1 should be final. [FinalParameters]
[ERROR] C:\Users\gunde\Desktop\6026_ADS1\practice\m12\Assignment-1\Student.java:12:66: Parameter sub11 should be final. [FinalParameters]
[ERROR] C:\Users\gunde\Desktop\6026_ADS1\practice\m12\Assignment-1\Student.java:12:77: Parameter sub21 should be final. [FinalParameters]
[ERROR] C:\Users\gunde\Desktop\6026_ADS1\practice\m12\Assignment-1\Student.java:12:88: Parameter sub31 should be final. [FinalParameters]
[ERROR] C:\Users\gunde\Desktop\6026_ADS1\practice\m12\Assignment-1\Student.java:12:99: Parameter total1 should be final. [FinalParameters]
[ERROR] C:\Users\gunde\Desktop\6026_ADS1\practice\m12\Assignment-1\Student.java:12:111: Parameter res1 should be final. [FinalParameters]
[ERROR] C:\Users\gunde\Desktop\6026_ADS1\practice\m12\Assignment-1\Student.java:12:123: '{' is not preceded with whitespace. [WhitespaceAround]
[ERROR] C:\Users\gunde\Desktop\6026_ADS1\practice\m12\Assignment-1\Student.java:21:9: Missing a Javadoc comment. [JavadocVariable]
[ERROR] C:\Users\gunde\Desktop\6026_ADS1\practice\m12\Assignment-1\Student.java:21:36: Variable 'totalComparator' must be private and have accessor methods. [VisibilityModifier]
[ERROR] C:\Users\gunde\Desktop\6026_ADS1\practice\m12\Assignment-1\Student.java:21:79: '{' is not preceded with whitespace. [WhitespaceAround]
[ERROR] C:\Users\gunde\Desktop\6026_ADS1\practice\m12\Assignment-1\Student.java:22:36: Parameter s1 should be final. [FinalParameters]
[ERROR] C:\Users\gunde\Desktop\6026_ADS1\practice\m12\Assignment-1\Student.java:22:48: Parameter s2 should be final. [FinalParameters]
[ERROR] C:\Users\gunde\Desktop\6026_ADS1\practice\m12\Assignment-1\Student.java:22:59: '{' is not preceded with whitespace. [WhitespaceAround]
[ERROR] C:\Users\gunde\Desktop\6026_ADS1\practice\m12\Assignment-1\Student.java:24:44: '-' is not preceded with whitespace. [WhitespaceAround]
[ERROR] C:\Users\gunde\Desktop\6026_ADS1\practice\m12\Assignment-1\Student.java:24:45: '-' is not followed by whitespace. [WhitespaceAround]
[ERROR] C:\Users\gunde\Desktop\6026_ADS1\practice\m12\Assignment-1\Student.java:34:9: Missing a Javadoc comment. [JavadocVariable]
[ERROR] C:\Users\gunde\Desktop\6026_ADS1\practice\m12\Assignment-1\Student.java:34:36: Variable 'sub3Comparator' must be private and have accessor methods. [VisibilityModifier]
[ERROR] C:\Users\gunde\Desktop\6026_ADS1\practice\m12\Assignment-1\Student.java:34:78: '{' is not preceded with whitespace. [WhitespaceAround]
[ERROR] C:\Users\gunde\Desktop\6026_ADS1\practice\m12\Assignment-1\Student.java:35:36: Parameter s1 should be final. [FinalParameters]
[ERROR] C:\Users\gunde\Desktop\6026_ADS1\practice\m12\Assignment-1\Student.java:35:48: Parameter s2 should be final. [FinalParameters]
[ERROR] C:\Users\gunde\Desktop\6026_ADS1\practice\m12\Assignment-1\Student.java:35:59: '{' is not preceded with whitespace. [WhitespaceAround]
[ERROR] C:\Users\gunde\Desktop\6026_ADS1\practice\m12\Assignment-1\Student.java:36:39: '-' is not preceded with whitespace. [WhitespaceAround]
[ERROR] C:\Users\gunde\Desktop\6026_ADS1\practice\m12\Assignment-1\Student.java:36:40: '-' is not followed by whitespace. [WhitespaceAround]
[ERROR] C:\Users\gunde\Desktop\6026_ADS1\practice\m12\Assignment-1\Student.java:40:9: Missing a Javadoc comment. [JavadocVariable]
[ERROR] C:\Users\gunde\Desktop\6026_ADS1\practice\m12\Assignment-1\Student.java:40:36: Variable 'sub2Comparator' must be private and have accessor methods. [VisibilityModifier]
[ERROR] C:\Users\gunde\Desktop\6026_ADS1\practice\m12\Assignment-1\Student.java:40:78: '{' is not preceded with whitespace. [WhitespaceAround]
[ERROR] C:\Users\gunde\Desktop\6026_ADS1\practice\m12\Assignment-1\Student.java:41:36: Parameter s1 should be final. [FinalParameters]
[ERROR] C:\Users\gunde\Desktop\6026_ADS1\practice\m12\Assignment-1\Student.java:41:48: Parameter s2 should be final. [FinalParameters]
[ERROR] C:\Users\gunde\Desktop\6026_ADS1\practice\m12\Assignment-1\Student.java:41:59: '{' is not preceded with whitespace. [WhitespaceAround]
[ERROR] C:\Users\gunde\Desktop\6026_ADS1\practice\m12\Assignment-1\Student.java:42:39: '-' is not preceded with whitespace. [WhitespaceAround]
[ERROR] C:\Users\gunde\Desktop\6026_ADS1\practice\m12\Assignment-1\Student.java:42:40: '-' is not followed by whitespace. [WhitespaceAround]
[ERROR] C:\Users\gunde\Desktop\6026_ADS1\practice\m12\Assignment-1\Student.java:46:9: Missing a Javadoc comment. [JavadocVariable]
[ERROR] C:\Users\gunde\Desktop\6026_ADS1\practice\m12\Assignment-1\Student.java:46:36: Variable 'birthComparator' must be private and have accessor methods. [VisibilityModifier]
[ERROR] C:\Users\gunde\Desktop\6026_ADS1\practice\m12\Assignment-1\Student.java:46:79: '{' is not preceded with whitespace. [WhitespaceAround]
[ERROR] C:\Users\gunde\Desktop\6026_ADS1\practice\m12\Assignment-1\Student.java:47:36: Parameter s1 should be final. [FinalParameters]
[ERROR] C:\Users\gunde\Desktop\6026_ADS1\practice\m12\Assignment-1\Student.java:47:48: Parameter s2 should be final. [FinalParameters]
[ERROR] C:\Users\gunde\Desktop\6026_ADS1\practice\m12\Assignment-1\Student.java:47:59: '{' is not preceded with whitespace. [WhitespaceAround]
[ERROR] C:\Users\gunde\Desktop\6026_ADS1\practice\m12\Assignment-1\Student.java:65:9: Missing a Javadoc comment. [JavadocMethod]
[ERROR] C:\Users\gunde\Desktop\6026_ADS1\practice\m12\Assignment-1\Student.java:65:33: '{' is not preceded with whitespace. [WhitespaceAround]
[ERROR] C:\Users\gunde\Desktop\6026_ADS1\practice\m12\Assignment-1\Student.java:66:40: '+' is not preceded with whitespace. [WhitespaceAround]
[ERROR] C:\Users\gunde\Desktop\6026_ADS1\practice\m12\Assignment-1\Student.java:66:41: '+' is not followed by whitespace. [WhitespaceAround]
[ERROR] C:\Users\gunde\Desktop\6026_ADS1\practice\m12\Assignment-1\Student.java:66:44: '+' is not preceded with whitespace. [WhitespaceAround]
[ERROR] C:\Users\gunde\Desktop\6026_ADS1\practice\m12\Assignment-1\Student.java:66:45: '+' is not followed by whitespace. [WhitespaceAround]
[ERROR] C:\Users\gunde\Desktop\6026_ADS1\practice\m12\Assignment-1\Student.java:66:55: '+' is not preceded with whitespace. [WhitespaceAround]
[ERROR] C:\Users\gunde\Desktop\6026_ADS1\practice\m12\Assignment-1\Student.java:66:56: '+' is not followed by whitespace. [WhitespaceAround]
[ERROR] C:\Users\gunde\Desktop\6026_ADS1\practice\m12\Assignment-1\Student.java:66:59: '+' is not preceded with whitespace. [WhitespaceAround]
[ERROR] C:\Users\gunde\Desktop\6026_ADS1\practice\m12\Assignment-1\Student.java:66:60: '+' is not followed by whitespace. [WhitespaceAround]
Audit done.
Checkstyle ends with 64 errors.
